[{"line":3,"elements":[{"start_timestamp":"2025-02-25T13:24:27.119Z","line":16,"name":"Title of your scenario outline","description":"","id":"error-validation;title-of-your-scenario-outline;;2","type":"scenario","keyword":"Scenario Outline","steps":[{"result":{"duration":5721026000,"status":"passed"},"line":10,"name":"I landed on Ecommerece page","match":{"location":"vipinlearns.stepDefinitions.StepDefintionImpl.I_landed_on_Ecommerece_page()"},"keyword":"Given "},{"result":{"duration":304637000,"status":"passed"},"line":11,"name":"Logged in with username <name> and password Vipin@1024","match":{"arguments":[{"val":"<name>","offset":24},{"val":"Vipin@1024","offset":44}],"location":"vipinlearns.stepDefinitions.StepDefintionImpl.logged_in_username_and_password(java.lang.String,java.lang.String)"},"keyword":"When "},{"result":{"error_message":"org.openqa.selenium.TimeoutException: Expected condition failed: waiting for visibility of Proxy element for: DefaultElementLocator 'By.cssSelector: [class*='flyInOut']' (tried for 5 second(s) with 500 milliseconds interval)\n\tat org.openqa.selenium.support.ui.WebDriverWait.timeoutException(WebDriverWait.java:84)\n\tat org.openqa.selenium.support.ui.FluentWait.until(FluentWait.java:228)\n\tat vipinlearns.AbstractComponents.AbstractComponent.waitForWebElementToAppear(AbstractComponent.java:33)\n\tat vipinlearns.pageobjects.LandingPage.getErrorMessage(LandingPage.java:48)\n\tat vipinlearns.stepDefinitions.StepDefintionImpl.something_message_is_displayed(StepDefintionImpl.java:59)\n\tat ✽.\"Incorrect email or password.\" message is displayed(file:///Users/intelligent/eclipse/SeleniumFramess/src/test/java/cucumber/ErrorValidations.feature:12)\nCaused by: org.openqa.selenium.NoSuchElementException: no such element: Unable to locate element: {\"method\":\"css selector\",\"selector\":\"[class*='flyInOut']\"}\n  (Session info: chrome=133.0.6943.127)\nFor documentation on this error, please visit: https://www.selenium.dev/documentation/webdriver/troubleshooting/errors#no-such-element-exception\nBuild info: version: '4.27.0', revision: 'd6e718d134'\nSystem info: os.name: 'Mac OS X', os.arch: 'x86_64', os.version: '15.2', java.version: '21.0.5'\nDriver info: org.openqa.selenium.chrome.ChromeDriver\nCommand: [5f403b29bc1930934454fbc80e94eb64, findElement {value=[class*='flyInOut'], using=css selector}]\nCapabilities {acceptInsecureCerts: false, browserName: chrome, browserVersion: 133.0.6943.127, chrome: {chromedriverVersion: 133.0.6943.126 (cffa127ce7b..., userDataDir: /var/folders/yb/s6h907l10hg...}, fedcm:accounts: true, goog:chromeOptions: {debuggerAddress: localhost:57230}, networkConnectionEnabled: false, pageLoadStrategy: normal, platformName: mac, proxy: Proxy(), se:cdp: ws://localhost:57230/devtoo..., se:cdpVersion: 133.0.6943.127, setWindowRect: true, strictFileInteractability: false, timeouts: {implicit: 0, pageLoad: 300000, script: 30000}, unhandledPromptBehavior: dismiss and notify, webauthn:extension:credBlob: true, webauthn:extension:largeBlob: true, webauthn:extension:minPinLength: true, webauthn:extension:prf: true, webauthn:virtualAuthenticators: true}\nSession ID: 5f403b29bc1930934454fbc80e94eb64\n\tat java.base/jdk.internal.reflect.DirectConstructorHandleAccessor.newInstance(DirectConstructorHandleAccessor.java:62)\n\tat java.base/java.lang.reflect.Constructor.newInstanceWithCaller(Constructor.java:502)\n\tat java.base/java.lang.reflect.Constructor.newInstance(Constructor.java:486)\n\tat org.openqa.selenium.remote.ErrorCodec.decode(ErrorCodec.java:167)\n\tat org.openqa.selenium.remote.codec.w3c.W3CHttpResponseCodec.decode(W3CHttpResponseCodec.java:138)\n\tat org.openqa.selenium.remote.codec.w3c.W3CHttpResponseCodec.decode(W3CHttpResponseCodec.java:50)\n\tat org.openqa.selenium.remote.HttpCommandExecutor.execute(HttpCommandExecutor.java:190)\n\tat org.openqa.selenium.remote.service.DriverCommandExecutor.invokeExecute(DriverCommandExecutor.java:216)\n\tat org.openqa.selenium.remote.service.DriverCommandExecutor.execute(DriverCommandExecutor.java:174)\n\tat org.openqa.selenium.remote.RemoteWebDriver.execute(RemoteWebDriver.java:545)\n\tat org.openqa.selenium.remote.ElementLocation$ElementFinder$2.findElement(ElementLocation.java:165)\n\tat org.openqa.selenium.remote.ElementLocation.findElement(ElementLocation.java:59)\n\tat org.openqa.selenium.remote.RemoteWebDriver.findElement(RemoteWebDriver.java:368)\n\tat org.openqa.selenium.remote.RemoteWebDriver.findElement(RemoteWebDriver.java:362)\n\tat org.openqa.selenium.support.pagefactory.DefaultElementLocator.findElement(DefaultElementLocator.java:68)\n\tat org.openqa.selenium.support.pagefactory.internal.LocatingElementHandler.invoke(LocatingElementHandler.java:38)\n\tat jdk.proxy2/jdk.proxy2.$Proxy25.isDisplayed(Unknown Source)\n\tat org.openqa.selenium.support.ui.ExpectedConditions.elementIfVisible(ExpectedConditions.java:304)\n\tat org.openqa.selenium.support.ui.ExpectedConditions$10.apply(ExpectedConditions.java:290)\n\tat org.openqa.selenium.support.ui.ExpectedConditions$10.apply(ExpectedConditions.java:287)\n\tat org.openqa.selenium.support.ui.FluentWait.until(FluentWait.java:203)\n\t... 4 more\n","duration":20119089000,"status":"failed"},"line":12,"name":"\"Incorrect email or password.\" message is displayed","match":{"arguments":[{"val":"Incorrect email or password.","offset":1}],"location":"vipinlearns.stepDefinitions.StepDefintionImpl.something_message_is_displayed(java.lang.String)"},"keyword":"Then "}],"tags":[{"name":"@tag"},{"name":"@tag2"}]}],"name":"Error validation","description":"  I want to use this template for my feature file","id":"error-validation","keyword":"Feature","uri":"file:src/test/java/cucumber/ErrorValidations.feature","tags":[{"name":"@tag","type":"Tag","location":{"line":2,"column":1}}]},{"line":2,"elements":[{"line":5,"name":"","description":"","type":"background","keyword":"Background","steps":[{"result":{"duration":5985522000,"status":"passed"},"line":6,"name":"I landed on Ecommerece page","match":{"location":"vipinlearns.stepDefinitions.StepDefintionImpl.I_landed_on_Ecommerece_page()"},"keyword":"Given "}]},{"start_timestamp":"2025-02-25T13:24:53.300Z","line":18,"name":"Positive Test of Submitting the order","description":"","id":"purchase-the-oreder-from-ecommerce-website;positive-test-of-submitting-the-order;;2","type":"scenario","keyword":"Scenario Outline","steps":[{"result":{"duration":290019000,"status":"passed"},"line":11,"name":"Logged in with username <name> and password Vipin@1024","match":{"arguments":[{"val":"<name>","offset":24},{"val":"Vipin@1024","offset":44}],"location":"vipinlearns.stepDefinitions.StepDefintionImpl.logged_in_username_and_password(java.lang.String,java.lang.String)"},"keyword":"Given "},{"result":{"error_message":"org.openqa.selenium.TimeoutException: Expected condition failed: waiting for visibility of element located by By.cssSelector: .mb-3 (tried for 5 second(s) with 500 milliseconds interval)\nBuild info: version: '4.27.0', revision: 'd6e718d134'\nSystem info: os.name: 'Mac OS X', os.arch: 'x86_64', os.version: '15.2', java.version: '21.0.5'\nDriver info: org.openqa.selenium.chrome.ChromeDriver\nCapabilities {acceptInsecureCerts: false, browserName: chrome, browserVersion: 133.0.6943.127, chrome: {chromedriverVersion: 133.0.6943.126 (cffa127ce7b..., userDataDir: /var/folders/yb/s6h907l10hg...}, fedcm:accounts: true, goog:chromeOptions: {debuggerAddress: localhost:57280}, networkConnectionEnabled: false, pageLoadStrategy: normal, platformName: mac, proxy: Proxy(), se:cdp: ws://localhost:57280/devtoo..., se:cdpVersion: 133.0.6943.127, setWindowRect: true, strictFileInteractability: false, timeouts: {implicit: 0, pageLoad: 300000, script: 30000}, unhandledPromptBehavior: dismiss and notify, webauthn:extension:credBlob: true, webauthn:extension:largeBlob: true, webauthn:extension:minPinLength: true, webauthn:extension:prf: true, webauthn:virtualAuthenticators: true}\nSession ID: 576808520c80b39c820b26e20a2dfd1e\n\tat org.openqa.selenium.support.ui.WebDriverWait.timeoutException(WebDriverWait.java:84)\n\tat org.openqa.selenium.support.ui.FluentWait.until(FluentWait.java:228)\n\tat vipinlearns.AbstractComponents.AbstractComponent.waitForElementToAppear(AbstractComponent.java:39)\n\tat vipinlearns.pageobjects.ProductCatalogue.getProductList(ProductCatalogue.java:37)\n\tat vipinlearns.stepDefinitions.StepDefintionImpl.I_add_prdouct_to_cart(StepDefintionImpl.java:36)\n\tat ✽.I add prdouct ZARA COAT 3 to cart(file:///Users/intelligent/eclipse/SeleniumFramess/src/test/java/cucumber/SubmitOrder.feature:12)\n","duration":10057224000,"status":"failed"},"line":12,"name":"I add prdouct ZARA COAT 3 to cart","match":{"arguments":[{"val":"ZARA COAT 3","offset":14}],"location":"vipinlearns.stepDefinitions.StepDefintionImpl.I_add_prdouct_to_cart(java.lang.String)"},"keyword":"When "},{"result":{"duration":117000,"status":"skipped"},"line":13,"name":"Checkout ZARA COAT 3 and submit the order","match":{"arguments":[{"val":"ZARA COAT 3","offset":9}],"location":"vipinlearns.stepDefinitions.StepDefintionImpl.Checkout_and_submit_the_order(java.lang.String)"},"keyword":"And "},{"result":{"duration":80000,"status":"skipped"},"line":14,"name":"\"THANKYOU FOR THE ORDER.\" message is displayed on ConfirmationPage","match":{"arguments":[{"val":"\"THANKYOU FOR THE ORDER.\"","offset":0}],"location":"vipinlearns.stepDefinitions.StepDefintionImpl.message_is_displayed_ConfirmationPage(java.lang.String)"},"keyword":"Then "}],"tags":[{"name":"@tag"},{"name":"@tag2"}]}],"name":"Purchase the oreder from Ecommerce website","description":"  I want to use this template for my feature file","id":"purchase-the-oreder-from-ecommerce-website","keyword":"Feature","uri":"file:src/test/java/cucumber/SubmitOrder.feature","tags":[{"name":"@tag","type":"Tag","location":{"line":1,"column":2}}]}]